#! /usr/bin/vvp
:ivl_version "10.3 (stable)" "(v10_3)";
:ivl_delay_selection "TYPICAL";
:vpi_time_precision + 0;
:vpi_module "system";
:vpi_module "vhdl_sys";
:vpi_module "v2005_math";
:vpi_module "va_math";
S_0x563671dcd0d0 .scope module, "h_adder" "h_adder" 2 1;
 .timescale 0 0;
    .port_info 0 /INPUT 1 "a"
    .port_info 1 /INPUT 1 "b"
    .port_info 2 /OUTPUT 1 "sum"
    .port_info 3 /OUTPUT 1 "carry"
o0x7f331529e018 .functor BUFZ 1, C4<z>; HiZ drive
o0x7f331529e048 .functor BUFZ 1, C4<z>; HiZ drive
L_0x563671e0fa60 .functor XOR 1, o0x7f331529e018, o0x7f331529e048, C4<0>, C4<0>;
L_0x563671e0fb50 .functor AND 1, o0x7f331529e018, o0x7f331529e048, C4<1>, C4<1>;
v0x563671dcd2c0_0 .net "a", 0 0, o0x7f331529e018;  0 drivers
v0x563671e0f7c0_0 .net "b", 0 0, o0x7f331529e048;  0 drivers
v0x563671e0f880_0 .net "carry", 0 0, L_0x563671e0fb50;  1 drivers
v0x563671e0f920_0 .net "sum", 0 0, L_0x563671e0fa60;  1 drivers
# The file index is used to find the file name in the following table.
:file_names 3;
    "N/A";
    "<interactive>";
    "../h_adder/h_adder.v";
